14-Feb-24 19:33:38 - [31m[1mWARNING: This is a development server. Do not use it in a production deployment. Use a production WSGI server instead.[0m
 * Running on http://127.0.0.1:5000
14-Feb-24 19:33:38 - [33mPress CTRL+C to quit[0m
14-Feb-24 19:33:38 -  * Restarting with stat
14-Feb-24 19:33:38 -  * Debugger is active!
14-Feb-24 19:33:38 -  * Debugger PIN: 669-447-319
14-Feb-24 19:33:40 - 127.0.0.1 - - [14/Feb/2024 19:33:40] "GET / HTTP/1.1" 200 -
14-Feb-24 19:33:40 - 127.0.0.1 - - [14/Feb/2024 19:33:40] "[33mGET /favicon.ico HTTP/1.1[0m" 404 -
14-Feb-24 19:34:02 - 127.0.0.1 - - [14/Feb/2024 19:34:02] "POST / HTTP/1.1" 200 -
14-Feb-24 19:34:02 - 127.0.0.1 - - [14/Feb/2024 19:34:02] "GET /static/assets/img/image.jpg HTTP/1.1" 200 -
14-Feb-24 19:35:08 -  * Detected change in '/home/tortcorp/coding_projects/OSU/CS361/CS361_sat_scout/main.py', reloading
14-Feb-24 19:35:08 -  * Restarting with stat
14-Feb-24 19:35:08 -  * Debugger is active!
14-Feb-24 19:35:08 -  * Debugger PIN: 669-447-319
14-Feb-24 19:35:12 - [31m[1mWARNING: This is a development server. Do not use it in a production deployment. Use a production WSGI server instead.[0m
 * Running on http://127.0.0.1:5000
14-Feb-24 19:35:12 - [33mPress CTRL+C to quit[0m
14-Feb-24 19:35:12 -  * Restarting with stat
14-Feb-24 19:35:12 -  * Debugger is active!
14-Feb-24 19:35:12 -  * Debugger PIN: 669-447-319
14-Feb-24 19:35:16 - 127.0.0.1 - - [14/Feb/2024 19:35:16] "POST / HTTP/1.1" 200 -
14-Feb-24 19:35:16 - 127.0.0.1 - - [14/Feb/2024 19:35:16] "GET /static/assets/img/image.jpg HTTP/1.1" 200 -
14-Feb-24 19:35:52 -  * Detected change in '/home/tortcorp/coding_projects/OSU/CS361/CS361_sat_scout/main.py', reloading
14-Feb-24 19:35:52 -  * Restarting with stat
14-Feb-24 19:35:53 -  * Debugger is active!
14-Feb-24 19:35:53 -  * Debugger PIN: 669-447-319
14-Feb-24 19:36:08 -  * Detected change in '/home/tortcorp/coding_projects/OSU/CS361/CS361_sat_scout/main.py', reloading
14-Feb-24 19:36:08 -  * Restarting with stat
14-Feb-24 19:36:08 -  * Debugger is active!
14-Feb-24 19:36:08 -  * Debugger PIN: 669-447-319
14-Feb-24 19:36:13 -  * Detected change in '/home/tortcorp/coding_projects/OSU/CS361/CS361_sat_scout/main.py', reloading
14-Feb-24 19:36:13 -  * Restarting with stat
14-Feb-24 19:36:13 -  * Debugger is active!
14-Feb-24 19:36:13 -  * Debugger PIN: 669-447-319
14-Feb-24 19:36:22 -  * Detected change in '/home/tortcorp/coding_projects/OSU/CS361/CS361_sat_scout/main.py', reloading
14-Feb-24 19:36:22 -  * Restarting with stat
14-Feb-24 19:36:22 -  * Debugger is active!
14-Feb-24 19:36:22 -  * Debugger PIN: 669-447-319
14-Feb-24 19:36:25 -  * Detected change in '/home/tortcorp/coding_projects/OSU/CS361/CS361_sat_scout/main.py', reloading
14-Feb-24 19:36:25 -  * Restarting with stat
14-Feb-24 19:36:25 -  * Debugger is active!
14-Feb-24 19:36:25 -  * Debugger PIN: 669-447-319
